[19:59:35] [Client thread/INFO] [JMLogger] JourneyMap log initialized.
[19:59:35] [Client thread/INFO] [JourneymapClient] initialize ENTER
[19:59:36] [Client thread/WARN] [PropertiesBase] core (Initialized) Bad configField entry during updateFrom(): optionsManagerViewed=null
[19:59:36] [Client thread/WARN] [PropertiesBase] core (Initialized) Bad configField entry during updateFrom(): splashViewed=null
[19:59:36] [Client thread/INFO] [?] Version: JourneyMap 1.12.2-5.7.0, built with Forge 14.23.5.2768
Forge: 14.23.5.2854
Environment: os.name, os.arch, java.version, user.country, user.language=null, game language=en_us, locale=en_us
Features: 
	RadarPlayers : singleplayer = true , multiplayer = true
	RadarAnimals : singleplayer = true , multiplayer = true
	RadarMobs : singleplayer = true , multiplayer = true
	RadarVillagers : singleplayer = true , multiplayer = true
	MapTopo : singleplayer = true , multiplayer = true
	MapSurface : singleplayer = true , multiplayer = true
	MapCaves : singleplayer = true , multiplayer = true
MiniMapProperties{state=Valid, file=journeymap.minimap.config, configVersion=5.7.0, zoomLevel=0, showPlayers=true, frameAlpha=100, compassFontScale=1, terrainAlpha=100, showEntityNames=true, enabled=true, showPlayerHeading=true, showVillagers=true, info2Label=Game Time, sizePercent=30, showDayNight=true, info3Label=Location, showMobs=true, showPets=true, preferredMapType=day, showCompass=true, mobDisplay=Small Dots, showReticle=true, orientation=North, systemTimeRealFormat=HH:mm:ss, shape=Circle, showSelf=true, info4Label=Biome, locationFormat=xzyv, playerDisplay=Small Dots, showGrid=true, reticleOrientation=Compass, gameTimeRealFormat=HH:mm:ss, showWaypoints=true, showCaves=true, showAnimals=true, showMobHeading=true, showWaypointLabels=true, locationFormatVerbose=true, position=Top Right, info1Label=Blank, fontScale=1}
MiniMapProperties{state=Valid, file=journeymap.minimap2.config, configVersion=5.7.0, zoomLevel=0, showPlayers=true, frameAlpha=100, compassFontScale=1, terrainAlpha=100, showEntityNames=true, enabled=true, showPlayerHeading=true, showVillagers=true, info2Label=Game Time, sizePercent=30, showDayNight=true, info3Label=Location, showMobs=true, showPets=true, preferredMapType=day, showCompass=true, mobDisplay=Small Dots, showReticle=true, orientation=North, systemTimeRealFormat=HH:mm:ss, shape=Rectangle, showSelf=true, info4Label=Biome, locationFormat=xzyv, playerDisplay=Small Dots, showGrid=true, reticleOrientation=Compass, gameTimeRealFormat=HH:mm:ss, showWaypoints=true, showCaves=true, showAnimals=true, showMobHeading=true, showWaypointLabels=true, locationFormatVerbose=true, position=Top Right, info1Label=Blank, fontScale=1}
FullMapProperties{state=Valid, file=journeymap.fullmap.config, configVersion=5.7.0, mobDisplay=Small Dots, zoomLevel=0, showPlayers=true, showSelf=true, locationFormat=xzyv, playerDisplay=Small Dots, showGrid=true, showEntityNames=true, showPlayerHeading=true, showVillagers=true, showWaypoints=true, showCaves=true, showAnimals=true, showMobHeading=true, showKeys=true, showWaypointLabels=true, locationFormatVerbose=true, showMobs=true, showPets=true, fontScale=1, preferredMapType=day}
WaypointProperties{state=Valid, file=journeymap.waypoint.config, configVersion=5.7.0, autoRemoveDeathpointDistance=2, createDeathpoints=true, showName=true, dateFormat=MM-dd-yyyy, autoRemoveDeathpoints=false, maxDistance=0, autoHideLabel=true, teleportCommand=/tp {name} {x} {y} {z}, showStaticBeam=true, minDistance=4, timeFormat=HH:mm:ss, boldLabel=false, textureSmall=true, showDeathpointlabel=true, showDistance=true, showRotatingBeam=true, fontScale=2, showTexture=true, managerEnabled=true, beaconEnabled=true}
WebMapProperties{state=Valid, file=journeymap.webmap.config, configVersion=5.7.0, zoomLevel=0, showWaypoints=true, showCaves=true, showSelf=true, port=8080, showGrid=true, showEntityNames=true, enabled=false, preferredMapType=day}
CoreProperties{state=Valid, file=journeymap.core.config, configVersion=5.7.0, verboseColorPalette=false, maxPlayersData=32, mapSurfaceAboveCaves=true, optionsManagerViewed=null, announceMod=true, colorPassive=#bbbbbb, renderOverlayEventTypeName=ALL, mapBlendWater=false, renderDistanceSurfaceMax=7, radarVerticalDistance=16, mapBlendGrass=true, recordCacheStats=false, hideSneakingEntities=true, revealShape=Circle, alwaysMapSurface=false, colorVillager=#88e188, mapPlants=false, colorPet=#0077ff, radarLateralDistance=64, mapBathymetry=false, mapCrops=true, maxMobsData=32, mapPlantShadows=false, alwaysMapCaves=false, checkUpdates=true, browserPoll=2000, mapBlendFoliage=true, mappingEnabled=true, colorPlayer=#ffffff, tileHighDisplayQuality=true, cacheVillagersData=2200, logLevel=INFO, maxVillagersData=32, maxAnimalsData=32, mapTransparency=true, tileRenderType=1, caveIgnoreGlass=true, mapTopography=true, renderDistanceCaveMax=3, mapAntialiasing=true, colorSelf=#0000ff, cachePlayersData=2000, cacheMobsData=3000, cachePlayerData=1000, splashViewed=null, colorHostile=#ff0000, cacheAnimalsData=3100, themeName=OceanMonument, mapCaveLighting=true, renderDelay=2, renderOverlayPreEvent=true, autoMapPoll=2000}
[19:59:36] [Client thread/INFO] [ClientAPI] [ClientAPI] built with JourneyMap API 1.4
[19:59:36] [Client thread/INFO] [PluginHelper] Initializing plugins with Client API: journeymap.client.api.impl.ClientAPI
[19:59:36] [Client thread/INFO] [PluginHelper] Initialized IClientPlugin: com.feed_the_beast.ftbutilities.integration.JourneyMapIntegration
[19:59:36] [Client thread/INFO] [PluginHelper] Initialized IClientPlugin: com.teamacronymcoders.base.modules.journeymap.JourneyMapPlugin
[19:59:36] [Client thread/INFO] [JourneymapClient] initialize EXIT, elapsed count 0 avg ?ms
[20:00:03] [Client thread/DEBUG] [JourneymapClient] postInitialize ENTER
[20:00:03] [Client thread/DEBUG] [EventHandlerManager] Handler registered: journeymap.client.forge.event.KeyEventHandler
[20:00:04] [Client thread/DEBUG] [EventHandlerManager] Handler registered: journeymap.client.forge.event.ChatEventHandler
[20:00:04] [Client thread/DEBUG] [EventHandlerManager] Handler registered: journeymap.client.forge.event.StateTickHandler
[20:00:04] [Client thread/DEBUG] [EventHandlerManager] Handler registered: journeymap.client.forge.event.WorldEventHandler
[20:00:04] [Client thread/DEBUG] [EventHandlerManager] Handler registered: journeymap.client.forge.event.WaypointBeaconHandler
[20:00:04] [Client thread/DEBUG] [EventHandlerManager] Handler registered: journeymap.client.forge.event.TextureAtlasHandler
[20:00:04] [Client thread/DEBUG] [EventHandlerManager] Handler registered: journeymap.client.forge.event.MiniMapOverlayHandler
[20:00:04] [Client thread/DEBUG] [EventHandlerManager] Handler registered: journeymap.client.forge.event.PlayerConnectHandler
[20:00:04] [Client thread/DEBUG] [EventHandlerManager] Handler registered: journeymap.client.world.ChunkMonitor
[20:00:04] [Client thread/ERROR] [FileHandler] Couldn't locate icons for Default: D:\MultiMC\instances\ASH%20Pack%201\.minecraft\mods\journeymap-1.12.2-5.7.0.jar\assets\journeymap\icon\entity
[20:00:04] [Client thread/INFO] [IconSetFileHandler] Added entity icons from journeymap:icon/entity. Success: false
[20:00:04] [Client thread/TRACE] [ThemeLoader] Initializing themes ...
[20:00:04] [Client thread/ERROR] [FileHandler] Couldn't locate icons for flat: D:\MultiMC\instances\ASH%20Pack%201\.minecraft\mods\journeymap-1.12.2-5.7.0.jar\assets\journeymap\theme\flat
[20:00:04] [Client thread/INFO] [ThemeLoader] Preloaded theme textures: 0
[20:00:04] [Client thread/DEBUG] [JourneymapClient] postInitialize EXIT, elapsed§8 count §r1§8 avg §r893.35§8ms§r
[20:00:11] [JM-VersionCheck-1/INFO] [VersionCheck$1] Newer version online: JourneyMap 5.7.1.jar for Minecraft 1.12.2 on http://minecraft.curseforge.com/projects/journeymap/files/2916002
[20:04:18] [Server thread/INFO] [PropertiesBase] global (FirstLoaded) Setting config file to version "5.7.0": journeymap.server.global.config
[20:04:18] [Server thread/INFO] [PropertiesBase] global (Valid) Creating config file: D:\MultiMC\instances\ASH Pack 1\.minecraft\journeymap\server\5.7\journeymap.server.global.config
[20:04:18] [Server thread/INFO] [PropertiesBase] default (FirstLoaded) Setting config file to version "5.7.0": journeymap.server.default.config
[20:04:18] [Server thread/INFO] [PropertiesBase] default (Valid) Creating config file: D:\MultiMC\instances\ASH Pack 1\.minecraft\journeymap\server\5.7\journeymap.server.default.config
[20:04:18] [Server thread/INFO] [PropertiesBase] dim0 (Initialized) Setting config file to version "5.7.0": journeymap.server.dim0.config
[20:04:18] [Server thread/INFO] [PropertiesBase] dim0 (Valid) Creating config file: D:\MultiMC\instances\ASH Pack 1\.minecraft\journeymap\server\5.7\journeymap.server.dim0.config
[20:04:18] [Server thread/INFO] [PropertiesBase] dim-1 (Initialized) Setting config file to version "5.7.0": journeymap.server.dim-1.config
[20:04:18] [Server thread/INFO] [PropertiesBase] dim-1 (Valid) Creating config file: D:\MultiMC\instances\ASH Pack 1\.minecraft\journeymap\server\5.7\journeymap.server.dim-1.config
[20:04:18] [Server thread/INFO] [PropertiesBase] dim1 (Initialized) Setting config file to version "5.7.0": journeymap.server.dim1.config
[20:04:18] [Server thread/INFO] [PropertiesBase] dim1 (Valid) Creating config file: D:\MultiMC\instances\ASH Pack 1\.minecraft\journeymap\server\5.7\journeymap.server.dim1.config
[20:04:18] [Server thread/INFO] [PropertiesBase] dim14676 (Initialized) Setting config file to version "5.7.0": journeymap.server.dim14676.config
[20:04:18] [Server thread/INFO] [PropertiesBase] dim14676 (Valid) Creating config file: D:\MultiMC\instances\ASH Pack 1\.minecraft\journeymap\server\5.7\journeymap.server.dim14676.config
[20:04:18] [Server thread/INFO] [PropertiesBase] dim4 (Initialized) Setting config file to version "5.7.0": journeymap.server.dim4.config
[20:04:18] [Server thread/INFO] [PropertiesBase] dim4 (Valid) Creating config file: D:\MultiMC\instances\ASH Pack 1\.minecraft\journeymap\server\5.7\journeymap.server.dim4.config
[20:04:18] [Server thread/INFO] [PropertiesBase] dim-343800852 (Initialized) Setting config file to version "5.7.0": journeymap.server.dim-343800852.config
[20:04:18] [Server thread/INFO] [PropertiesBase] dim-343800852 (Valid) Creating config file: D:\MultiMC\instances\ASH Pack 1\.minecraft\journeymap\server\5.7\journeymap.server.dim-343800852.config
[20:04:18] [Server thread/INFO] [PropertiesBase] dim17 (Initialized) Setting config file to version "5.7.0": journeymap.server.dim17.config
[20:04:18] [Server thread/INFO] [PropertiesBase] dim17 (Valid) Creating config file: D:\MultiMC\instances\ASH Pack 1\.minecraft\journeymap\server\5.7\journeymap.server.dim17.config
[20:05:32] [Client thread/WARN] [PropertiesBase] core (Initialized) Bad configField entry during updateFrom(): optionsManagerViewed=null
[20:05:32] [Client thread/WARN] [PropertiesBase] core (Initialized) Bad configField entry during updateFrom(): splashViewed=null
[20:05:33] [Client thread/INFO] [WaypointStore] Loaded 0 waypoints from D:\MultiMC\instances\ASH Pack 1\.minecraft\journeymap\data\sp\New World\waypoints
[20:05:34] [Client thread/INFO] [JourneymapClient] Mapping started in D:\MultiMC\instances\ASH Pack 1\.minecraft\journeymap\data\sp\New World\DIM0. Memory: 5088MB total, 2147MB free 
[20:05:40] [Client thread/INFO] [ChatLog] JourneyMap: Press [J]
[20:06:18] [Client thread/INFO] [JourneymapClient] Mapping halted in D:\MultiMC\instances\ASH Pack 1\.minecraft\journeymap\data\sp\New World\DIM0
[20:09:04] [Client thread/WARN] [PropertiesBase] core (Initialized) Bad configField entry during updateFrom(): optionsManagerViewed=null
[20:09:04] [Client thread/WARN] [PropertiesBase] core (Initialized) Bad configField entry during updateFrom(): splashViewed=null
[20:09:05] [Client thread/INFO] [WaypointStore] Loaded 0 waypoints from D:\MultiMC\instances\ASH Pack 1\.minecraft\journeymap\data\sp\New World\waypoints
[20:09:05] [Client thread/INFO] [JourneymapClient] Mapping started in D:\MultiMC\instances\ASH Pack 1\.minecraft\journeymap\data\sp\New World\DIM0. Memory: 5088MB total, 2261MB free 
[20:09:21] [Server thread/INFO] [JourneymapClient] Mapping halted in D:\MultiMC\instances\ASH Pack 1\.minecraft\journeymap\data\sp\New World\DIM0
[20:09:21] [Client thread/WARN] [PropertiesBase] core (Initialized) Bad configField entry during updateFrom(): optionsManagerViewed=null
[20:09:21] [Client thread/WARN] [PropertiesBase] core (Initialized) Bad configField entry during updateFrom(): splashViewed=null
[20:09:21] [Client thread/INFO] [WaypointStore] Loaded 0 waypoints from D:\MultiMC\instances\ASH Pack 1\.minecraft\journeymap\data\sp\New World\waypoints
[20:09:21] [Client thread/INFO] [JourneymapClient] Mapping started in D:\MultiMC\instances\ASH Pack 1\.minecraft\journeymap\data\sp\New World\DIM0. Memory: 5088MB total, 1826MB free 
[20:09:32] [Client thread/INFO] [JourneymapClient] Mapping halted in D:\MultiMC\instances\ASH Pack 1\.minecraft\journeymap\data\sp\New World\DIM0
[20:13:24] [Client thread/WARN] [PropertiesBase] core (Initialized) Bad configField entry during updateFrom(): optionsManagerViewed=null
[20:13:24] [Client thread/WARN] [PropertiesBase] core (Initialized) Bad configField entry during updateFrom(): splashViewed=null
[20:13:28] [Client thread/INFO] [WaypointStore] Loaded 0 waypoints from D:\MultiMC\instances\ASH Pack 1\.minecraft\journeymap\data\sp\New World\waypoints
[20:13:28] [Client thread/INFO] [JourneymapClient] Mapping started in D:\MultiMC\instances\ASH Pack 1\.minecraft\journeymap\data\sp\New World\DIM0. Memory: 5088MB total, 1784MB free 
[20:13:58] [Server thread/INFO] [JourneymapClient] Mapping halted in D:\MultiMC\instances\ASH Pack 1\.minecraft\journeymap\data\sp\New World\DIM0
[20:13:59] [Client thread/WARN] [PropertiesBase] core (Initialized) Bad configField entry during updateFrom(): optionsManagerViewed=null
[20:13:59] [Client thread/WARN] [PropertiesBase] core (Initialized) Bad configField entry during updateFrom(): splashViewed=null
[20:13:59] [Client thread/INFO] [WaypointStore] Loaded 0 waypoints from D:\MultiMC\instances\ASH Pack 1\.minecraft\journeymap\data\sp\New World\waypoints
[20:13:59] [Client thread/INFO] [JourneymapClient] Mapping started in D:\MultiMC\instances\ASH Pack 1\.minecraft\journeymap\data\sp\New World\DIM0. Memory: 5088MB total, 1932MB free 
[20:14:12] [Client thread/INFO] [JourneymapClient] Mapping halted in D:\MultiMC\instances\ASH Pack 1\.minecraft\journeymap\data\sp\New World\DIM0
[20:16:12] [Client thread/WARN] [PropertiesBase] core (Initialized) Bad configField entry during updateFrom(): optionsManagerViewed=null
[20:16:12] [Client thread/WARN] [PropertiesBase] core (Initialized) Bad configField entry during updateFrom(): splashViewed=null
[20:16:13] [Client thread/INFO] [WaypointStore] Loaded 0 waypoints from D:\MultiMC\instances\ASH Pack 1\.minecraft\journeymap\data\sp\New World\waypoints
[20:16:13] [Client thread/INFO] [JourneymapClient] Mapping started in D:\MultiMC\instances\ASH Pack 1\.minecraft\journeymap\data\sp\New World\DIM0. Memory: 5088MB total, 2236MB free 
[20:16:18] [Server thread/INFO] [JourneymapClient] Mapping halted in D:\MultiMC\instances\ASH Pack 1\.minecraft\journeymap\data\sp\New World\DIM0
[20:16:19] [Client thread/WARN] [PropertiesBase] core (Initialized) Bad configField entry during updateFrom(): optionsManagerViewed=null
[20:16:19] [Client thread/WARN] [PropertiesBase] core (Initialized) Bad configField entry during updateFrom(): splashViewed=null
[20:16:19] [Client thread/INFO] [WaypointStore] Loaded 0 waypoints from D:\MultiMC\instances\ASH Pack 1\.minecraft\journeymap\data\sp\New World\waypoints
[20:16:19] [Client thread/INFO] [JourneymapClient] Mapping started in D:\MultiMC\instances\ASH Pack 1\.minecraft\journeymap\data\sp\New World\DIM0. Memory: 5088MB total, 1888MB free 
[20:16:30] [Client thread/INFO] [JourneymapClient] Mapping halted in D:\MultiMC\instances\ASH Pack 1\.minecraft\journeymap\data\sp\New World\DIM0
[20:18:22] [Client thread/WARN] [PropertiesBase] core (Initialized) Bad configField entry during updateFrom(): optionsManagerViewed=null
[20:18:22] [Client thread/WARN] [PropertiesBase] core (Initialized) Bad configField entry during updateFrom(): splashViewed=null
[20:18:23] [Client thread/INFO] [WaypointStore] Loaded 0 waypoints from D:\MultiMC\instances\ASH Pack 1\.minecraft\journeymap\data\sp\New World\waypoints
[20:18:23] [Client thread/INFO] [JourneymapClient] Mapping started in D:\MultiMC\instances\ASH Pack 1\.minecraft\journeymap\data\sp\New World\DIM0. Memory: 5088MB total, 2229MB free 
[20:18:53] [Client thread/INFO] [ModBlockDelegate] Custom modded block handling enabled for bibliocraft
[20:21:08] [JM-task-10/WARN] [StatTimer] SurfaceRenderer.renderSurface was slow: 2093.705 (Warning limit reached)
[20:21:09] [JM-task-10/WARN] [StatTimer] SurfaceRenderer.renderSurface: Avg:   572.19ms, Min:     3.55ms, Max:    6641.31ms, Total:         28 sec, Count:       50, Canceled:        0, Slow:       10
[20:25:47] [JM-task-10/WARN] [StatTimer] TopoRenderer.renderSurface was slow: 1703.7168 (Warning limit reached)
[20:25:47] [JM-task-10/WARN] [StatTimer] TopoRenderer.renderSurface: Avg:    38.77ms, Min:     0.81ms, Max:    6545.92ms, Total:         56 sec, Count:     1455, Canceled:        0, Slow:       10
[20:40:41] [Client thread/WARN] [StatTimer] TileDrawStep.updateRegionTexture was slow: 53.5504 (Warning limit reached)
[20:40:41] [Client thread/WARN] [StatTimer] TileDrawStep.updateRegionTexture: Avg:     0.29ms, Min:        0ms, Max:     312.72ms, Total:          2 sec, Count:     8504, Canceled:        0, Slow:       10
[20:42:35] [JM-task-10/WARN] [StatTimer] MapPlayerTask.performTask was slow: 15201.3751 (Warning limit reached)
[20:42:35] [JM-task-10/WARN] [StatTimer] MapPlayerTask.performTask: Avg:  1217.91ms, Min:     0.22ms, Max:   33231.22ms, Total:        744 sec, Count:      611, Canceled:        0, Slow:       10
[20:53:26] [Client thread/INFO] [JourneymapClient] Mapping halted in D:\MultiMC\instances\ASH Pack 1\.minecraft\journeymap\data\sp\New World\DIM0
[20:53:26] [JM-task-10/WARN] [TaskBatch] TaskBatch thread interrupted: journeymap.client.task.multi.MapPlayerTask$MapPlayerTaskBatch@7bc598c6
